# JRE version: OpenJDK Runtime Environment Temurin-21.0.8+9 (21.0.8+9) (build 21.0.8+9-LTS)
# Java VM: OpenJDK 64-Bit Server VM Temurin-21.0.8+9 (21.0.8+9-LTS, mixed mode, sharing, tiered, compressed oops, compressed class ptrs, parallel gc, windows-amd64)
GC Precious Log:
 CardTable entry size: 512
 CPUs: 8 total, 8 available
 Memory: 8014M
 Large Page Support: Disabled
 NUMA Support: Disabled
 Compressed Oops: Enabled (32-bit)
 Alignments: Space 512K, Generation 512K, Heap 2M
 Heap Min Capacity: 100M
 Heap Initial Capacity: 100M
 Heap Max Capacity: 2G
 Pre-touch: Disabled
 Parallel Workers: 8
Heap:
 PSYoungGen      total 5632K, used 4072K [0x00000000d5580000, 0x00000000d5d00000, 0x0000000100000000)
  eden space 5120K, 70% used [0x00000000d5580000,0x00000000d59091d8,0x00000000d5a80000)
  from space 512K, 88% used [0x00000000d5c80000,0x00000000d5cf1010,0x00000000d5d00000)
  to   space 1024K, 0% used [0x00000000d5b00000,0x00000000d5b00000,0x00000000d5c00000)
 ParOldGen       total 925696K, used 780540K [0x0000000080000000, 0x00000000b8800000, 0x00000000d5580000)
  object space 925696K, 84% used [0x0000000080000000,0x00000000afa3f248,0x00000000b8800000)
 Metaspace       used 91241K, committed 92992K, reserved 1179648K
  class space    used 9104K, committed 9920K, reserved 1048576K
GC Heap History (20 events):
Event: 3040.245 GC heap before
{Heap before GC invocations=2649 (full 6):
 PSYoungGen      total 3584K, used 3360K [0x00000000d5580000, 0x00000000d5c80000, 0x0000000100000000)
  eden space 2560K, 100% used [0x00000000d5580000,0x00000000d5800000,0x00000000d5800000)
  from space 1024K, 78% used [0x00000000d5b80000,0x00000000d5c48000,0x00000000d5c80000)
  to   space 2048K, 0% used [0x00000000d5880000,0x00000000d5880000,0x00000000d5a80000)
 ParOldGen       total 925696K, used 769708K [0x0000000080000000, 0x00000000b8800000, 0x00000000d5580000)
  object space 925696K, 83% used [0x0000000080000000,0x00000000aefab308,0x00000000b8800000)
 Metaspace       used 91224K, committed 92928K, reserved 1179648K
  class space    used 9104K, committed 9920K, reserved 1048576K
}
Event: 3040.250 GC heap after
{Heap after GC invocations=2649 (full 6):
 PSYoungGen      total 5120K, used 910K [0x00000000d5580000, 0x00000000d5c00000, 0x0000000100000000)
  eden space 3072K, 0% used [0x00000000d5580000,0x00000000d5580000,0x00000000d5880000)
  from space 2048K, 44% used [0x00000000d5880000,0x00000000d5963bc0,0x00000000d5a80000)
  to   space 1024K, 0% used [0x00000000d5b00000,0x00000000d5b00000,0x00000000d5c00000)
 ParOldGen       total 925696K, used 770427K [0x0000000080000000, 0x00000000b8800000, 0x00000000d5580000)
  object space 925696K, 83% used [0x0000000080000000,0x00000000af05ec28,0x00000000b8800000)
 Metaspace       used 91224K, committed 92928K, reserved 1179648K
  class space    used 9104K, committed 9920K, reserved 1048576K
}
Event: 3040.263 GC heap before
{Heap before GC invocations=2650 (full 6):
 PSYoungGen      total 5120K, used 3982K [0x00000000d5580000, 0x00000000d5c00000, 0x0000000100000000)
  eden space 3072K, 100% used [0x00000000d5580000,0x00000000d5880000,0x00000000d5880000)
  from space 2048K, 44% used [0x00000000d5880000,0x00000000d5963bc0,0x00000000d5a80000)
  to   space 1024K, 0% used [0x00000000d5b00000,0x00000000d5b00000,0x00000000d5c00000)
 ParOldGen       total 925696K, used 770427K [0x0000000080000000, 0x00000000b8800000, 0x00000000d5580000)
  object space 925696K, 83% used [0x0000000080000000,0x00000000af05ec28,0x00000000b8800000)
 Metaspace       used 91224K, committed 92928K, reserved 1179648K
  class space    used 9104K, committed 9920K, reserved 1048576K
}
Event: 3040.269 GC heap after
{Heap after GC invocations=2650 (full 6):
 PSYoungGen      total 4096K, used 1005K [0x00000000d5580000, 0x00000000d5e80000, 0x0000000100000000)
  eden space 3072K, 0% used [0x00000000d5580000,0x00000000d5580000,0x00000000d5880000)
  from space 1024K, 98% used [0x00000000d5b00000,0x00000000d5bfb708,0x00000000d5c00000)
  to   space 2560K, 0% used [0x00000000d5880000,0x00000000d5880000,0x00000000d5b00000)
 ParOldGen       total 925696K, used 771504K [0x0000000080000000, 0x00000000b8800000, 0x00000000d5580000)
  object space 925696K, 83% used [0x0000000080000000,0x00000000af16c1e8,0x00000000b8800000)
 Metaspace       used 91224K, committed 92928K, reserved 1179648K
  class space    used 9104K, committed 9920K, reserved 1048576K
}
Event: 3040.279 GC heap before
{Heap before GC invocations=2651 (full 6):
 PSYoungGen      total 4096K, used 4077K [0x00000000d5580000, 0x00000000d5e80000, 0x0000000100000000)
  eden space 3072K, 100% used [0x00000000d5580000,0x00000000d5880000,0x00000000d5880000)
  from space 1024K, 98% used [0x00000000d5b00000,0x00000000d5bfb708,0x00000000d5c00000)
  to   space 2560K, 0% used [0x00000000d5880000,0x00000000d5880000,0x00000000d5b00000)
 ParOldGen       total 925696K, used 771504K [0x0000000080000000, 0x00000000b8800000, 0x00000000d5580000)
  object space 925696K, 83% used [0x0000000080000000,0x00000000af16c1e8,0x00000000b8800000)
 Metaspace       used 91224K, committed 92928K, reserved 1179648K
  class space    used 9104K, committed 9920K, reserved 1048576K
}
Event: 3040.287 GC heap after
{Heap after GC invocations=2651 (full 6):
 PSYoungGen      total 5632K, used 2272K [0x00000000d5580000, 0x00000000d5e80000, 0x0000000100000000)
  eden space 3072K, 0% used [0x00000000d5580000,0x00000000d5580000,0x00000000d5880000)
  from space 2560K, 88% used [0x00000000d5880000,0x00000000d5ab8000,0x00000000d5b00000)
  to   space 2560K, 0% used [0x00000000d5c00000,0x00000000d5c00000,0x00000000d5e80000)
 ParOldGen       total 925696K, used 772478K [0x0000000080000000, 0x00000000b8800000, 0x00000000d5580000)
  object space 925696K, 83% used [0x0000000080000000,0x00000000af25f8f0,0x00000000b8800000)
 Metaspace       used 91224K, committed 92928K, reserved 1179648K
  class space    used 9104K, committed 9920K, reserved 1048576K
}
Event: 3040.300 GC heap before
{Heap before GC invocations=2652 (full 6):
 PSYoungGen      total 5632K, used 5127K [0x00000000d5580000, 0x00000000d5e80000, 0x0000000100000000)
  eden space 3072K, 92% used [0x00000000d5580000,0x00000000d5849c10,0x00000000d5880000)
  from space 2560K, 88% used [0x00000000d5880000,0x00000000d5ab8000,0x00000000d5b00000)
  to   space 2560K, 0% used [0x00000000d5c00000,0x00000000d5c00000,0x00000000d5e80000)
 ParOldGen       total 925696K, used 772478K [0x0000000080000000, 0x00000000b8800000, 0x00000000d5580000)
  object space 925696K, 83% used [0x0000000080000000,0x00000000af25f8f0,0x00000000b8800000)
 Metaspace       used 91224K, committed 92928K, reserved 1179648K
  class space    used 9104K, committed 9920K, reserved 1048576K
}
Event: 3040.308 GC heap after
{Heap after GC invocations=2652 (full 6):
 PSYoungGen      total 6656K, used 1926K [0x00000000d5580000, 0x00000000d5e80000, 0x0000000100000000)
  eden space 4096K, 0% used [0x00000000d5580000,0x00000000d5580000,0x00000000d5980000)
  from space 2560K, 75% used [0x00000000d5c00000,0x00000000d5de1b68,0x00000000d5e80000)
  to   space 2560K, 0% used [0x00000000d5980000,0x00000000d5980000,0x00000000d5c00000)
 ParOldGen       total 925696K, used 774702K [0x0000000080000000, 0x00000000b8800000, 0x00000000d5580000)
  object space 925696K, 83% used [0x0000000080000000,0x00000000af48b8f0,0x00000000b8800000)
 Metaspace       used 91224K, committed 92928K, reserved 1179648K
  class space    used 9104K, committed 9920K, reserved 1048576K
}
Event: 3040.351 GC heap before
{Heap before GC invocations=2653 (full 6):
 PSYoungGen      total 6656K, used 6022K [0x00000000d5580000, 0x00000000d5e80000, 0x0000000100000000)
  eden space 4096K, 100% used [0x00000000d5580000,0x00000000d5980000,0x00000000d5980000)
  from space 2560K, 75% used [0x00000000d5c00000,0x00000000d5de1b68,0x00000000d5e80000)
  to   space 2560K, 0% used [0x00000000d5980000,0x00000000d5980000,0x00000000d5c00000)
 ParOldGen       total 925696K, used 774702K [0x0000000080000000, 0x00000000b8800000, 0x00000000d5580000)
  object space 925696K, 83% used [0x0000000080000000,0x00000000af48b8f0,0x00000000b8800000)
 Metaspace       used 91224K, committed 92928K, reserved 1179648K
  class space    used 9104K, committed 9920K, reserved 1048576K
}
Event: 3040.358 GC heap after
{Heap after GC invocations=2653 (full 6):
 PSYoungGen      total 6656K, used 1368K [0x00000000d5580000, 0x00000000d5e80000, 0x0000000100000000)
  eden space 4096K, 0% used [0x00000000d5580000,0x00000000d5580000,0x00000000d5980000)
  from space 2560K, 53% used [0x00000000d5980000,0x00000000d5ad6020,0x00000000d5c00000)
  to   space 2048K, 0% used [0x00000000d5c80000,0x00000000d5c80000,0x00000000d5e80000)
 ParOldGen       total 925696K, used 776324K [0x0000000080000000, 0x00000000b8800000, 0x00000000d5580000)
  object space 925696K, 83% used [0x0000000080000000,0x00000000af6210b0,0x00000000b8800000)
 Metaspace       used 91224K, committed 92928K, reserved 1179648K
  class space    used 9104K, committed 9920K, reserved 1048576K
}
Event: 3040.371 GC heap before
{Heap before GC invocations=2654 (full 6):
 PSYoungGen      total 6656K, used 5436K [0x00000000d5580000, 0x00000000d5e80000, 0x0000000100000000)
  eden space 4096K, 99% used [0x00000000d5580000,0x00000000d5979350,0x00000000d5980000)
  from space 2560K, 53% used [0x00000000d5980000,0x00000000d5ad6020,0x00000000d5c00000)
  to   space 2048K, 0% used [0x00000000d5c80000,0x00000000d5c80000,0x00000000d5e80000)
 ParOldGen       total 925696K, used 776324K [0x0000000080000000, 0x00000000b8800000, 0x00000000d5580000)
  object space 925696K, 83% used [0x0000000080000000,0x00000000af6210b0,0x00000000b8800000)
 Metaspace       used 91226K, committed 92928K, reserved 1179648K
  class space    used 9104K, committed 9920K, reserved 1048576K
}
Event: 3040.377 GC heap after
{Heap after GC invocations=2654 (full 6):
 PSYoungGen      total 6656K, used 1199K [0x00000000d5580000, 0x00000000d5e00000, 0x0000000100000000)
  eden space 5120K, 0% used [0x00000000d5580000,0x00000000d5580000,0x00000000d5a80000)
  from space 1536K, 78% used [0x00000000d5c80000,0x00000000d5dabd70,0x00000000d5e00000)
  to   space 1536K, 0% used [0x00000000d5b00000,0x00000000d5b00000,0x00000000d5c80000)
 ParOldGen       total 925696K, used 777564K [0x0000000080000000, 0x00000000b8800000, 0x00000000d5580000)
  object space 925696K, 83% used [0x0000000080000000,0x00000000af7570d0,0x00000000b8800000)
 Metaspace       used 91226K, committed 92928K, reserved 1179648K
  class space    used 9104K, committed 9920K, reserved 1048576K
}
Event: 3040.391 GC heap before
{Heap before GC invocations=2655 (full 6):
 PSYoungGen      total 6656K, used 6307K [0x00000000d5580000, 0x00000000d5e00000, 0x0000000100000000)
  eden space 5120K, 99% used [0x00000000d5580000,0x00000000d5a7d1d8,0x00000000d5a80000)
  from space 1536K, 78% used [0x00000000d5c80000,0x00000000d5dabd70,0x00000000d5e00000)
  to   space 1536K, 0% used [0x00000000d5b00000,0x00000000d5b00000,0x00000000d5c80000)
 ParOldGen       total 925696K, used 777564K [0x0000000080000000, 0x00000000b8800000, 0x00000000d5580000)
  object space 925696K, 83% used [0x0000000080000000,0x00000000af7570d0,0x00000000b8800000)
 Metaspace       used 91226K, committed 92928K, reserved 1179648K
  class space    used 9104K, committed 9920K, reserved 1048576K
}
Event: 3040.397 GC heap after
{Heap after GC invocations=2655 (full 6):
 PSYoungGen      total 7168K, used 864K [0x00000000d5580000, 0x00000000d5d80000, 0x0000000100000000)
  eden space 5632K, 0% used [0x00000000d5580000,0x00000000d5580000,0x00000000d5b00000)
  from space 1536K, 56% used [0x00000000d5b00000,0x00000000d5bd8060,0x00000000d5c80000)
  to   space 1024K, 0% used [0x00000000d5c80000,0x00000000d5c80000,0x00000000d5d80000)
 ParOldGen       total 925696K, used 778570K [0x0000000080000000, 0x00000000b8800000, 0x00000000d5580000)
  object space 925696K, 84% used [0x0000000080000000,0x00000000af8529f0,0x00000000b8800000)
 Metaspace       used 91226K, committed 92928K, reserved 1179648K
  class space    used 9104K, committed 9920K, reserved 1048576K
}
Event: 3040.436 GC heap before
{Heap before GC invocations=2656 (full 6):
 PSYoungGen      total 7168K, used 6493K [0x00000000d5580000, 0x00000000d5d80000, 0x0000000100000000)
  eden space 5632K, 99% used [0x00000000d5580000,0x00000000d5aff428,0x00000000d5b00000)
  from space 1536K, 56% used [0x00000000d5b00000,0x00000000d5bd8060,0x00000000d5c80000)
  to   space 1024K, 0% used [0x00000000d5c80000,0x00000000d5c80000,0x00000000d5d80000)
 ParOldGen       total 925696K, used 778570K [0x0000000080000000, 0x00000000b8800000, 0x00000000d5580000)
  object space 925696K, 84% used [0x0000000080000000,0x00000000af8529f0,0x00000000b8800000)
 Metaspace       used 91226K, committed 92928K, reserved 1179648K
  class space    used 9104K, committed 9920K, reserved 1048576K
}
Event: 3040.441 GC heap after
{Heap after GC invocations=2656 (full 6):
 PSYoungGen      total 6144K, used 993K [0x00000000d5580000, 0x00000000d6080000, 0x0000000100000000)
  eden space 5120K, 0% used [0x00000000d5580000,0x00000000d5580000,0x00000000d5a80000)
  from space 1024K, 97% used [0x00000000d5c80000,0x00000000d5d78570,0x00000000d5d80000)
  to   space 2048K, 0% used [0x00000000d5a80000,0x00000000d5a80000,0x00000000d5c80000)
 ParOldGen       total 925696K, used 779234K [0x0000000080000000, 0x00000000b8800000, 0x00000000d5580000)
  object space 925696K, 84% used [0x0000000080000000,0x00000000af8f8a00,0x00000000b8800000)
 Metaspace       used 91226K, committed 92928K, reserved 1179648K
  class space    used 9104K, committed 9920K, reserved 1048576K
}
Event: 3041.831 GC heap before
{Heap before GC invocations=2657 (full 6):
 PSYoungGen      total 6144K, used 6014K [0x00000000d5580000, 0x00000000d6080000, 0x0000000100000000)
  eden space 5120K, 98% used [0x00000000d5580000,0x00000000d5a675a0,0x00000000d5a80000)
  from space 1024K, 97% used [0x00000000d5c80000,0x00000000d5d78570,0x00000000d5d80000)
  to   space 2048K, 0% used [0x00000000d5a80000,0x00000000d5a80000,0x00000000d5c80000)
 ParOldGen       total 925696K, used 779234K [0x0000000080000000, 0x00000000b8800000, 0x00000000d5580000)
  object space 925696K, 84% used [0x0000000080000000,0x00000000af8f8a00,0x00000000b8800000)
 Metaspace       used 91236K, committed 92928K, reserved 1179648K
  class space    used 9104K, committed 9920K, reserved 1048576K
}
Event: 3041.836 GC heap after
{Heap after GC invocations=2657 (full 6):
 PSYoungGen      total 7168K, used 571K [0x00000000d5580000, 0x00000000d5d80000, 0x0000000100000000)
  eden space 5120K, 0% used [0x00000000d5580000,0x00000000d5580000,0x00000000d5a80000)
  from space 2048K, 27% used [0x00000000d5a80000,0x00000000d5b0ee18,0x00000000d5c80000)
  to   space 1024K, 0% used [0x00000000d5c80000,0x00000000d5c80000,0x00000000d5d80000)
 ParOldGen       total 925696K, used 780102K [0x0000000080000000, 0x00000000b8800000, 0x00000000d5580000)
  object space 925696K, 84% used [0x0000000080000000,0x00000000af9d1860,0x00000000b8800000)
 Metaspace       used 91236K, committed 92928K, reserved 1179648K
  class space    used 9104K, committed 9920K, reserved 1048576K
}
Event: 3041.901 GC heap before
{Heap before GC invocations=2658 (full 6):
 PSYoungGen      total 7168K, used 5691K [0x00000000d5580000, 0x00000000d5d80000, 0x0000000100000000)
  eden space 5120K, 100% used [0x00000000d5580000,0x00000000d5a80000,0x00000000d5a80000)
  from space 2048K, 27% used [0x00000000d5a80000,0x00000000d5b0ee18,0x00000000d5c80000)
  to   space 1024K, 0% used [0x00000000d5c80000,0x00000000d5c80000,0x00000000d5d80000)
 ParOldGen       total 925696K, used 780102K [0x0000000080000000, 0x00000000b8800000, 0x00000000d5580000)
  object space 925696K, 84% used [0x0000000080000000,0x00000000af9d1860,0x00000000b8800000)
 Metaspace       used 91240K, committed 92928K, reserved 1179648K
  class space    used 9104K, committed 9920K, reserved 1048576K
}
Event: 3041.904 GC heap after
{Heap after GC invocations=2658 (full 6):
 PSYoungGen      total 5632K, used 452K [0x00000000d5580000, 0x00000000d5d00000, 0x0000000100000000)
  eden space 5120K, 0% used [0x00000000d5580000,0x00000000d5580000,0x00000000d5a80000)
  from space 512K, 88% used [0x00000000d5c80000,0x00000000d5cf1010,0x00000000d5d00000)
  to   space 1024K, 0% used [0x00000000d5b00000,0x00000000d5b00000,0x00000000d5c00000)
 ParOldGen       total 925696K, used 780540K [0x0000000080000000, 0x00000000b8800000, 0x00000000d5580000)
  object space 925696K, 84% used [0x0000000080000000,0x00000000afa3f248,0x00000000b8800000)
 Metaspace       used 91240K, committed 92928K, reserved 1179648K
  class space    used 9104K, committed 9920K, reserved 1048576K
}

