# JRE version: OpenJDK Runtime Environment Temurin-21.0.8+9 (21.0.8+9) (build 21.0.8+9-LTS)
# Java VM: OpenJDK 64-Bit Server VM Temurin-21.0.8+9 (21.0.8+9-LTS, mixed mode, sharing, tiered, compressed oops, compressed class ptrs, parallel gc, windows-amd64)
GC Precious Log:
 CardTable entry size: 512
 CPUs: 8 total, 8 available
 Memory: 8014M
 Large Page Support: Disabled
 NUMA Support: Disabled
 Compressed Oops: Enabled (32-bit)
 Alignments: Space 512K, Generation 512K, Heap 2M
 Heap Min Capacity: 100M
 Heap Initial Capacity: 100M
 Heap Max Capacity: 2G
 Pre-touch: Disabled
 Parallel Workers: 8
Heap:
 PSYoungGen      total 8704K, used 732K [0x00000000d5580000, 0x00000000d6080000, 0x0000000100000000)
  eden space 8192K, 6% used [0x00000000d5580000,0x00000000d55ff388,0x00000000d5d80000)
  from space 512K, 43% used [0x00000000d5f80000,0x00000000d5fb8000,0x00000000d6000000)
  to   space 512K, 0% used [0x00000000d6000000,0x00000000d6000000,0x00000000d6080000)
 ParOldGen       total 989184K, used 988861K [0x0000000080000000, 0x00000000bc600000, 0x00000000d5580000)
  object space 989184K, 99% used [0x0000000080000000,0x00000000bc5af710,0x00000000bc600000)
 Metaspace       used 98749K, committed 100352K, reserved 1179648K
  class space    used 9669K, committed 10432K, reserved 1048576K
GC Heap History (20 events):
Event: 22337.289 GC heap before
{Heap before GC invocations=26926 (full 22):
 PSYoungGen      total 11264K, used 10982K [0x00000000d5580000, 0x00000000d6380000, 0x0000000100000000)
  eden space 8192K, 100% used [0x00000000d5580000,0x00000000d5d80000,0x00000000d5d80000)
  from space 3072K, 90% used [0x00000000d5d80000,0x00000000d6039980,0x00000000d6080000)
  to   space 3072K, 0% used [0x00000000d6080000,0x00000000d6080000,0x00000000d6380000)
 ParOldGen       total 979968K, used 979753K [0x0000000080000000, 0x00000000bbd00000, 0x00000000d5580000)
  object space 979968K, 99% used [0x0000000080000000,0x00000000bbcca500,0x00000000bbd00000)
 Metaspace       used 98735K, committed 100288K, reserved 1179648K
  class space    used 9669K, committed 10432K, reserved 1048576K
}
Event: 22337.293 GC heap after
{Heap after GC invocations=26926 (full 22):
 PSYoungGen      total 9216K, used 590K [0x00000000d5580000, 0x00000000d6180000, 0x0000000100000000)
  eden space 8192K, 0% used [0x00000000d5580000,0x00000000d5580000,0x00000000d5d80000)
  from space 1024K, 57% used [0x00000000d6080000,0x00000000d6113888,0x00000000d6180000)
  to   space 1536K, 0% used [0x00000000d5e80000,0x00000000d5e80000,0x00000000d6000000)
 ParOldGen       total 982528K, used 982262K [0x0000000080000000, 0x00000000bbf80000, 0x00000000d5580000)
  object space 982528K, 99% used [0x0000000080000000,0x00000000bbf3d858,0x00000000bbf80000)
 Metaspace       used 98735K, committed 100288K, reserved 1179648K
  class space    used 9669K, committed 10432K, reserved 1048576K
}
Event: 22337.623 GC heap before
{Heap before GC invocations=26927 (full 22):
 PSYoungGen      total 9216K, used 7762K [0x00000000d5580000, 0x00000000d6180000, 0x0000000100000000)
  eden space 8192K, 87% used [0x00000000d5580000,0x00000000d5c81090,0x00000000d5d80000)
  from space 1024K, 57% used [0x00000000d6080000,0x00000000d6113888,0x00000000d6180000)
  to   space 1536K, 0% used [0x00000000d5e80000,0x00000000d5e80000,0x00000000d6000000)
 ParOldGen       total 982528K, used 982262K [0x0000000080000000, 0x00000000bbf80000, 0x00000000d5580000)
  object space 982528K, 99% used [0x0000000080000000,0x00000000bbf3d858,0x00000000bbf80000)
 Metaspace       used 98741K, committed 100352K, reserved 1179648K
  class space    used 9669K, committed 10432K, reserved 1048576K
}
Event: 22337.629 GC heap after
{Heap after GC invocations=26927 (full 22):
 PSYoungGen      total 9728K, used 1508K [0x00000000d5580000, 0x00000000d6280000, 0x0000000100000000)
  eden space 8192K, 0% used [0x00000000d5580000,0x00000000d5580000,0x00000000d5d80000)
  from space 1536K, 98% used [0x00000000d5e80000,0x00000000d5ff9248,0x00000000d6000000)
  to   space 2560K, 0% used [0x00000000d6000000,0x00000000d6000000,0x00000000d6280000)
 ParOldGen       total 983040K, used 982590K [0x0000000080000000, 0x00000000bc000000, 0x00000000d5580000)
  object space 983040K, 99% used [0x0000000080000000,0x00000000bbf8f868,0x00000000bc000000)
 Metaspace       used 98741K, committed 100352K, reserved 1179648K
  class space    used 9669K, committed 10432K, reserved 1048576K
}
Event: 22337.648 GC heap before
{Heap before GC invocations=26928 (full 22):
 PSYoungGen      total 9728K, used 9700K [0x00000000d5580000, 0x00000000d6280000, 0x0000000100000000)
  eden space 8192K, 100% used [0x00000000d5580000,0x00000000d5d80000,0x00000000d5d80000)
  from space 1536K, 98% used [0x00000000d5e80000,0x00000000d5ff9248,0x00000000d6000000)
  to   space 2560K, 0% used [0x00000000d6000000,0x00000000d6000000,0x00000000d6280000)
 ParOldGen       total 983040K, used 982590K [0x0000000080000000, 0x00000000bc000000, 0x00000000d5580000)
  object space 983040K, 99% used [0x0000000080000000,0x00000000bbf8f868,0x00000000bc000000)
 Metaspace       used 98741K, committed 100352K, reserved 1179648K
  class space    used 9669K, committed 10432K, reserved 1048576K
}
Event: 22337.652 GC heap after
{Heap after GC invocations=26928 (full 22):
 PSYoungGen      total 10752K, used 2300K [0x00000000d5580000, 0x00000000d6280000, 0x0000000100000000)
  eden space 8192K, 0% used [0x00000000d5580000,0x00000000d5580000,0x00000000d5d80000)
  from space 2560K, 89% used [0x00000000d6000000,0x00000000d623f098,0x00000000d6280000)
  to   space 2560K, 0% used [0x00000000d5d80000,0x00000000d5d80000,0x00000000d6000000)
 ParOldGen       total 984064K, used 983809K [0x0000000080000000, 0x00000000bc100000, 0x00000000d5580000)
  object space 984064K, 99% used [0x0000000080000000,0x00000000bc0c0680,0x00000000bc100000)
 Metaspace       used 98741K, committed 100352K, reserved 1179648K
  class space    used 9669K, committed 10432K, reserved 1048576K
}
Event: 22337.684 GC heap before
{Heap before GC invocations=26929 (full 22):
 PSYoungGen      total 10752K, used 10492K [0x00000000d5580000, 0x00000000d6280000, 0x0000000100000000)
  eden space 8192K, 100% used [0x00000000d5580000,0x00000000d5d80000,0x00000000d5d80000)
  from space 2560K, 89% used [0x00000000d6000000,0x00000000d623f098,0x00000000d6280000)
  to   space 2560K, 0% used [0x00000000d5d80000,0x00000000d5d80000,0x00000000d6000000)
 ParOldGen       total 984064K, used 983809K [0x0000000080000000, 0x00000000bc100000, 0x00000000d5580000)
  object space 984064K, 99% used [0x0000000080000000,0x00000000bc0c0680,0x00000000bc100000)
 Metaspace       used 98741K, committed 100352K, reserved 1179648K
  class space    used 9669K, committed 10432K, reserved 1048576K
}
Event: 22337.690 GC heap after
{Heap after GC invocations=26929 (full 22):
 PSYoungGen      total 10752K, used 2182K [0x00000000d5580000, 0x00000000d6280000, 0x0000000100000000)
  eden space 8192K, 0% used [0x00000000d5580000,0x00000000d5580000,0x00000000d5d80000)
  from space 2560K, 85% used [0x00000000d5d80000,0x00000000d5fa1970,0x00000000d6000000)
  to   space 2560K, 0% used [0x00000000d6000000,0x00000000d6000000,0x00000000d6280000)
 ParOldGen       total 986112K, used 985954K [0x0000000080000000, 0x00000000bc300000, 0x00000000d5580000)
  object space 986112K, 99% used [0x0000000080000000,0x00000000bc2d8890,0x00000000bc300000)
 Metaspace       used 98741K, committed 100352K, reserved 1179648K
  class space    used 9669K, committed 10432K, reserved 1048576K
}
Event: 22337.726 GC heap before
{Heap before GC invocations=26930 (full 22):
 PSYoungGen      total 10752K, used 10374K [0x00000000d5580000, 0x00000000d6280000, 0x0000000100000000)
  eden space 8192K, 100% used [0x00000000d5580000,0x00000000d5d80000,0x00000000d5d80000)
  from space 2560K, 85% used [0x00000000d5d80000,0x00000000d5fa1970,0x00000000d6000000)
  to   space 2560K, 0% used [0x00000000d6000000,0x00000000d6000000,0x00000000d6280000)
 ParOldGen       total 986112K, used 985954K [0x0000000080000000, 0x00000000bc300000, 0x00000000d5580000)
  object space 986112K, 99% used [0x0000000080000000,0x00000000bc2d8890,0x00000000bc300000)
 Metaspace       used 98741K, committed 100352K, reserved 1179648K
  class space    used 9669K, committed 10432K, reserved 1048576K
}
Event: 22337.729 GC heap after
{Heap after GC invocations=26930 (full 22):
 PSYoungGen      total 8704K, used 443K [0x00000000d5580000, 0x00000000d6080000, 0x0000000100000000)
  eden space 8192K, 0% used [0x00000000d5580000,0x00000000d5580000,0x00000000d5d80000)
  from space 512K, 86% used [0x00000000d6000000,0x00000000d606ee60,0x00000000d6080000)
  to   space 1536K, 0% used [0x00000000d5d80000,0x00000000d5d80000,0x00000000d5f00000)
 ParOldGen       total 988160K, used 987971K [0x0000000080000000, 0x00000000bc500000, 0x00000000d5580000)
  object space 988160K, 99% used [0x0000000080000000,0x00000000bc4d0cf0,0x00000000bc500000)
 Metaspace       used 98741K, committed 100352K, reserved 1179648K
  class space    used 9669K, committed 10432K, reserved 1048576K
}
Event: 22337.855 GC heap before
{Heap before GC invocations=26931 (full 22):
 PSYoungGen      total 8704K, used 8635K [0x00000000d5580000, 0x00000000d6080000, 0x0000000100000000)
  eden space 8192K, 100% used [0x00000000d5580000,0x00000000d5d80000,0x00000000d5d80000)
  from space 512K, 86% used [0x00000000d6000000,0x00000000d606ee60,0x00000000d6080000)
  to   space 1536K, 0% used [0x00000000d5d80000,0x00000000d5d80000,0x00000000d5f00000)
 ParOldGen       total 988160K, used 987971K [0x0000000080000000, 0x00000000bc500000, 0x00000000d5580000)
  object space 988160K, 99% used [0x0000000080000000,0x00000000bc4d0cf0,0x00000000bc500000)
 Metaspace       used 98741K, committed 100352K, reserved 1179648K
  class space    used 9669K, committed 10432K, reserved 1048576K
}
Event: 22337.859 GC heap after
{Heap after GC invocations=26931 (full 22):
 PSYoungGen      total 9728K, used 128K [0x00000000d5580000, 0x00000000d6080000, 0x0000000100000000)
  eden space 8192K, 0% used [0x00000000d5580000,0x00000000d5580000,0x00000000d5d80000)
  from space 1536K, 8% used [0x00000000d5d80000,0x00000000d5da0000,0x00000000d5f00000)
  to   space 512K, 0% used [0x00000000d6000000,0x00000000d6000000,0x00000000d6080000)
 ParOldGen       total 988672K, used 988398K [0x0000000080000000, 0x00000000bc580000, 0x00000000d5580000)
  object space 988672K, 99% used [0x0000000080000000,0x00000000bc53b930,0x00000000bc580000)
 Metaspace       used 98741K, committed 100352K, reserved 1179648K
  class space    used 9669K, committed 10432K, reserved 1048576K
}
Event: 22337.895 GC heap before
{Heap before GC invocations=26932 (full 22):
 PSYoungGen      total 9728K, used 8320K [0x00000000d5580000, 0x00000000d6080000, 0x0000000100000000)
  eden space 8192K, 100% used [0x00000000d5580000,0x00000000d5d80000,0x00000000d5d80000)
  from space 1536K, 8% used [0x00000000d5d80000,0x00000000d5da0000,0x00000000d5f00000)
  to   space 512K, 0% used [0x00000000d6000000,0x00000000d6000000,0x00000000d6080000)
 ParOldGen       total 988672K, used 988398K [0x0000000080000000, 0x00000000bc580000, 0x00000000d5580000)
  object space 988672K, 99% used [0x0000000080000000,0x00000000bc53b930,0x00000000bc580000)
 Metaspace       used 98741K, committed 100352K, reserved 1179648K
  class space    used 9669K, committed 10432K, reserved 1048576K
}
Event: 22337.897 GC heap after
{Heap after GC invocations=26932 (full 22):
 PSYoungGen      total 8704K, used 160K [0x00000000d5580000, 0x00000000d6080000, 0x0000000100000000)
  eden space 8192K, 0% used [0x00000000d5580000,0x00000000d5580000,0x00000000d5d80000)
  from space 512K, 31% used [0x00000000d6000000,0x00000000d6028000,0x00000000d6080000)
  to   space 512K, 0% used [0x00000000d5f80000,0x00000000d5f80000,0x00000000d6000000)
 ParOldGen       total 988672K, used 988454K [0x0000000080000000, 0x00000000bc580000, 0x00000000d5580000)
  object space 988672K, 99% used [0x0000000080000000,0x00000000bc549930,0x00000000bc580000)
 Metaspace       used 98741K, committed 100352K, reserved 1179648K
  class space    used 9669K, committed 10432K, reserved 1048576K
}
Event: 22337.940 GC heap before
{Heap before GC invocations=26933 (full 22):
 PSYoungGen      total 8704K, used 8352K [0x00000000d5580000, 0x00000000d6080000, 0x0000000100000000)
  eden space 8192K, 100% used [0x00000000d5580000,0x00000000d5d80000,0x00000000d5d80000)
  from space 512K, 31% used [0x00000000d6000000,0x00000000d6028000,0x00000000d6080000)
  to   space 512K, 0% used [0x00000000d5f80000,0x00000000d5f80000,0x00000000d6000000)
 ParOldGen       total 988672K, used 988454K [0x0000000080000000, 0x00000000bc580000, 0x00000000d5580000)
  object space 988672K, 99% used [0x0000000080000000,0x00000000bc549930,0x00000000bc580000)
 Metaspace       used 98741K, committed 100352K, reserved 1179648K
  class space    used 9669K, committed 10432K, reserved 1048576K
}
Event: 22337.945 GC heap after
{Heap after GC invocations=26933 (full 22):
 PSYoungGen      total 8704K, used 503K [0x00000000d5580000, 0x00000000d6080000, 0x0000000100000000)
  eden space 8192K, 0% used [0x00000000d5580000,0x00000000d5580000,0x00000000d5d80000)
  from space 512K, 98% used [0x00000000d5f80000,0x00000000d5ffdcc0,0x00000000d6000000)
  to   space 512K, 0% used [0x00000000d6000000,0x00000000d6000000,0x00000000d6080000)
 ParOldGen       total 988672K, used 988510K [0x0000000080000000, 0x00000000bc580000, 0x00000000d5580000)
  object space 988672K, 99% used [0x0000000080000000,0x00000000bc557930,0x00000000bc580000)
 Metaspace       used 98741K, committed 100352K, reserved 1179648K
  class space    used 9669K, committed 10432K, reserved 1048576K
}
Event: 22337.975 GC heap before
{Heap before GC invocations=26934 (full 22):
 PSYoungGen      total 8704K, used 8695K [0x00000000d5580000, 0x00000000d6080000, 0x0000000100000000)
  eden space 8192K, 100% used [0x00000000d5580000,0x00000000d5d80000,0x00000000d5d80000)
  from space 512K, 98% used [0x00000000d5f80000,0x00000000d5ffdcc0,0x00000000d6000000)
  to   space 512K, 0% used [0x00000000d6000000,0x00000000d6000000,0x00000000d6080000)
 ParOldGen       total 988672K, used 988510K [0x0000000080000000, 0x00000000bc580000, 0x00000000d5580000)
  object space 988672K, 99% used [0x0000000080000000,0x00000000bc557930,0x00000000bc580000)
 Metaspace       used 98741K, committed 100352K, reserved 1179648K
  class space    used 9669K, committed 10432K, reserved 1048576K
}
Event: 22337.979 GC heap after
{Heap after GC invocations=26934 (full 22):
 PSYoungGen      total 8704K, used 192K [0x00000000d5580000, 0x00000000d6080000, 0x0000000100000000)
  eden space 8192K, 0% used [0x00000000d5580000,0x00000000d5580000,0x00000000d5d80000)
  from space 512K, 37% used [0x00000000d6000000,0x00000000d6030000,0x00000000d6080000)
  to   space 512K, 0% used [0x00000000d5f80000,0x00000000d5f80000,0x00000000d6000000)
 ParOldGen       total 989184K, used 988813K [0x0000000080000000, 0x00000000bc600000, 0x00000000d5580000)
  object space 989184K, 99% used [0x0000000080000000,0x00000000bc5a3710,0x00000000bc600000)
 Metaspace       used 98741K, committed 100352K, reserved 1179648K
  class space    used 9669K, committed 10432K, reserved 1048576K
}
Event: 22635.957 GC heap before
{Heap before GC invocations=26935 (full 22):
 PSYoungGen      total 8704K, used 8383K [0x00000000d5580000, 0x00000000d6080000, 0x0000000100000000)
  eden space 8192K, 99% used [0x00000000d5580000,0x00000000d5d7ffe8,0x00000000d5d80000)
  from space 512K, 37% used [0x00000000d6000000,0x00000000d6030000,0x00000000d6080000)
  to   space 512K, 0% used [0x00000000d5f80000,0x00000000d5f80000,0x00000000d6000000)
 ParOldGen       total 989184K, used 988813K [0x0000000080000000, 0x00000000bc600000, 0x00000000d5580000)
  object space 989184K, 99% used [0x0000000080000000,0x00000000bc5a3710,0x00000000bc600000)
 Metaspace       used 98741K, committed 100352K, reserved 1179648K
  class space    used 9669K, committed 10432K, reserved 1048576K
}
Event: 22635.963 GC heap after
{Heap after GC invocations=26935 (full 22):
 PSYoungGen      total 8704K, used 224K [0x00000000d5580000, 0x00000000d6080000, 0x0000000100000000)
  eden space 8192K, 0% used [0x00000000d5580000,0x00000000d5580000,0x00000000d5d80000)
  from space 512K, 43% used [0x00000000d5f80000,0x00000000d5fb8000,0x00000000d6000000)
  to   space 512K, 0% used [0x00000000d6000000,0x00000000d6000000,0x00000000d6080000)
 ParOldGen       total 989184K, used 988861K [0x0000000080000000, 0x00000000bc600000, 0x00000000d5580000)
  object space 989184K, 99% used [0x0000000080000000,0x00000000bc5af710,0x00000000bc600000)
 Metaspace       used 98741K, committed 100352K, reserved 1179648K
  class space    used 9669K, committed 10432K, reserved 1048576K
}

