# JRE version: OpenJDK Runtime Environment Temurin-21.0.8+9 (21.0.8+9) (build 21.0.8+9-LTS)
# Java VM: OpenJDK 64-Bit Server VM Temurin-21.0.8+9 (21.0.8+9-LTS, mixed mode, sharing, tiered, compressed oops, compressed class ptrs, parallel gc, windows-amd64)
GC Precious Log:
 CardTable entry size: 512
 CPUs: 8 total, 8 available
 Memory: 8014M
 Large Page Support: Disabled
 NUMA Support: Disabled
 Compressed Oops: Enabled (32-bit)
 Alignments: Space 512K, Generation 512K, Heap 2M
 Heap Min Capacity: 100M
 Heap Initial Capacity: 100M
 Heap Max Capacity: 2G
 Pre-touch: Disabled
 Parallel Workers: 8
Heap:
 PSYoungGen      total 2560K, used 1705K [0x00000000d5580000, 0x00000000d5900000, 0x0000000100000000)
  eden space 2048K, 72% used [0x00000000d5580000,0x00000000d56f26e0,0x00000000d5780000)
  from space 512K, 43% used [0x00000000d5800000,0x00000000d5838000,0x00000000d5880000)
  to   space 512K, 0% used [0x00000000d5880000,0x00000000d5880000,0x00000000d5900000)
 ParOldGen       total 593920K, used 227389K [0x0000000080000000, 0x00000000a4400000, 0x00000000d5580000)
  object space 593920K, 38% used [0x0000000080000000,0x000000008de0f7b0,0x00000000a4400000)
 Metaspace       used 87408K, committed 89216K, reserved 1179648K
  class space    used 9006K, committed 9856K, reserved 1048576K
GC Heap History (20 events):
Event: 409.754 GC heap before
{Heap before GC invocations=1357 (full 5):
 PSYoungGen      total 3072K, used 3040K [0x00000000d5580000, 0x00000000d5980000, 0x0000000100000000)
  eden space 2048K, 100% used [0x00000000d5580000,0x00000000d5780000,0x00000000d5780000)
  from space 1024K, 96% used [0x00000000d5780000,0x00000000d5878000,0x00000000d5880000)
  to   space 1024K, 0% used [0x00000000d5880000,0x00000000d5880000,0x00000000d5980000)
 ParOldGen       total 593920K, used 221195K [0x0000000080000000, 0x00000000a4400000, 0x00000000d5580000)
  object space 593920K, 37% used [0x0000000080000000,0x000000008d802c00,0x00000000a4400000)
 Metaspace       used 87145K, committed 88896K, reserved 1179648K
  class space    used 8981K, committed 9792K, reserved 1048576K
}
Event: 409.758 GC heap after
{Heap after GC invocations=1357 (full 5):
 PSYoungGen      total 3072K, used 736K [0x00000000d5580000, 0x00000000d5980000, 0x0000000100000000)
  eden space 2048K, 0% used [0x00000000d5580000,0x00000000d5580000,0x00000000d5780000)
  from space 1024K, 71% used [0x00000000d5880000,0x00000000d5938000,0x00000000d5980000)
  to   space 1024K, 0% used [0x00000000d5780000,0x00000000d5780000,0x00000000d5880000)
 ParOldGen       total 593920K, used 222059K [0x0000000080000000, 0x00000000a4400000, 0x00000000d5580000)
  object space 593920K, 37% used [0x0000000080000000,0x000000008d8dac00,0x00000000a4400000)
 Metaspace       used 87145K, committed 88896K, reserved 1179648K
  class space    used 8981K, committed 9792K, reserved 1048576K
}
Event: 409.833 GC heap before
{Heap before GC invocations=1358 (full 5):
 PSYoungGen      total 3072K, used 2784K [0x00000000d5580000, 0x00000000d5980000, 0x0000000100000000)
  eden space 2048K, 100% used [0x00000000d5580000,0x00000000d5780000,0x00000000d5780000)
  from space 1024K, 71% used [0x00000000d5880000,0x00000000d5938000,0x00000000d5980000)
  to   space 1024K, 0% used [0x00000000d5780000,0x00000000d5780000,0x00000000d5880000)
 ParOldGen       total 593920K, used 222059K [0x0000000080000000, 0x00000000a4400000, 0x00000000d5580000)
  object space 593920K, 37% used [0x0000000080000000,0x000000008d8dac00,0x00000000a4400000)
 Metaspace       used 87145K, committed 88896K, reserved 1179648K
  class space    used 8981K, committed 9792K, reserved 1048576K
}
Event: 409.836 GC heap after
{Heap after GC invocations=1358 (full 5):
 PSYoungGen      total 3072K, used 535K [0x00000000d5580000, 0x00000000d5980000, 0x0000000100000000)
  eden space 2048K, 0% used [0x00000000d5580000,0x00000000d5580000,0x00000000d5780000)
  from space 1024K, 52% used [0x00000000d5780000,0x00000000d5805dd0,0x00000000d5880000)
  to   space 1024K, 0% used [0x00000000d5880000,0x00000000d5880000,0x00000000d5980000)
 ParOldGen       total 593920K, used 222675K [0x0000000080000000, 0x00000000a4400000, 0x00000000d5580000)
  object space 593920K, 37% used [0x0000000080000000,0x000000008d974c20,0x00000000a4400000)
 Metaspace       used 87145K, committed 88896K, reserved 1179648K
  class space    used 8981K, committed 9792K, reserved 1048576K
}
Event: 409.857 GC heap before
{Heap before GC invocations=1359 (full 5):
 PSYoungGen      total 3072K, used 2583K [0x00000000d5580000, 0x00000000d5980000, 0x0000000100000000)
  eden space 2048K, 100% used [0x00000000d5580000,0x00000000d5780000,0x00000000d5780000)
  from space 1024K, 52% used [0x00000000d5780000,0x00000000d5805dd0,0x00000000d5880000)
  to   space 1024K, 0% used [0x00000000d5880000,0x00000000d5880000,0x00000000d5980000)
 ParOldGen       total 593920K, used 222675K [0x0000000080000000, 0x00000000a4400000, 0x00000000d5580000)
  object space 593920K, 37% used [0x0000000080000000,0x000000008d974c20,0x00000000a4400000)
 Metaspace       used 87145K, committed 88896K, reserved 1179648K
  class space    used 8981K, committed 9792K, reserved 1048576K
}
Event: 409.860 GC heap after
{Heap after GC invocations=1359 (full 5):
 PSYoungGen      total 3072K, used 829K [0x00000000d5580000, 0x00000000d5980000, 0x0000000100000000)
  eden space 2048K, 0% used [0x00000000d5580000,0x00000000d5580000,0x00000000d5780000)
  from space 1024K, 81% used [0x00000000d5880000,0x00000000d594f6c0,0x00000000d5980000)
  to   space 1024K, 0% used [0x00000000d5780000,0x00000000d5780000,0x00000000d5880000)
 ParOldGen       total 593920K, used 223035K [0x0000000080000000, 0x00000000a4400000, 0x00000000d5580000)
  object space 593920K, 37% used [0x0000000080000000,0x000000008d9cec20,0x00000000a4400000)
 Metaspace       used 87145K, committed 88896K, reserved 1179648K
  class space    used 8981K, committed 9792K, reserved 1048576K
}
Event: 409.881 GC heap before
{Heap before GC invocations=1360 (full 5):
 PSYoungGen      total 3072K, used 2836K [0x00000000d5580000, 0x00000000d5980000, 0x0000000100000000)
  eden space 2048K, 97% used [0x00000000d5580000,0x00000000d57759f8,0x00000000d5780000)
  from space 1024K, 81% used [0x00000000d5880000,0x00000000d594f6c0,0x00000000d5980000)
  to   space 1024K, 0% used [0x00000000d5780000,0x00000000d5780000,0x00000000d5880000)
 ParOldGen       total 593920K, used 223035K [0x0000000080000000, 0x00000000a4400000, 0x00000000d5580000)
  object space 593920K, 37% used [0x0000000080000000,0x000000008d9cec20,0x00000000a4400000)
 Metaspace       used 87145K, committed 88896K, reserved 1179648K
  class space    used 8981K, committed 9792K, reserved 1048576K
}
Event: 409.885 GC heap after
{Heap after GC invocations=1360 (full 5):
 PSYoungGen      total 3072K, used 992K [0x00000000d5580000, 0x00000000d5b80000, 0x0000000100000000)
  eden space 2048K, 0% used [0x00000000d5580000,0x00000000d5580000,0x00000000d5780000)
  from space 1024K, 96% used [0x00000000d5780000,0x00000000d5878020,0x00000000d5880000)
  to   space 2048K, 0% used [0x00000000d5980000,0x00000000d5980000,0x00000000d5b80000)
 ParOldGen       total 593920K, used 223840K [0x0000000080000000, 0x00000000a4400000, 0x00000000d5580000)
  object space 593920K, 37% used [0x0000000080000000,0x000000008da980d0,0x00000000a4400000)
 Metaspace       used 87145K, committed 88896K, reserved 1179648K
  class space    used 8981K, committed 9792K, reserved 1048576K
}
Event: 409.921 GC heap before
{Heap before GC invocations=1361 (full 5):
 PSYoungGen      total 3072K, used 3040K [0x00000000d5580000, 0x00000000d5b80000, 0x0000000100000000)
  eden space 2048K, 100% used [0x00000000d5580000,0x00000000d5780000,0x00000000d5780000)
  from space 1024K, 96% used [0x00000000d5780000,0x00000000d5878020,0x00000000d5880000)
  to   space 2048K, 0% used [0x00000000d5980000,0x00000000d5980000,0x00000000d5b80000)
 ParOldGen       total 593920K, used 223840K [0x0000000080000000, 0x00000000a4400000, 0x00000000d5580000)
  object space 593920K, 37% used [0x0000000080000000,0x000000008da980d0,0x00000000a4400000)
 Metaspace       used 87145K, committed 88896K, reserved 1179648K
  class space    used 8981K, committed 9792K, reserved 1048576K
}
Event: 409.925 GC heap after
{Heap after GC invocations=1361 (full 5):
 PSYoungGen      total 3072K, used 992K [0x00000000d5580000, 0x00000000d5a80000, 0x0000000100000000)
  eden space 2048K, 0% used [0x00000000d5580000,0x00000000d5580000,0x00000000d5780000)
  from space 1024K, 96% used [0x00000000d5980000,0x00000000d5a78020,0x00000000d5a80000)
  to   space 1536K, 0% used [0x00000000d5780000,0x00000000d5780000,0x00000000d5900000)
 ParOldGen       total 593920K, used 224648K [0x0000000080000000, 0x00000000a4400000, 0x00000000d5580000)
  object space 593920K, 37% used [0x0000000080000000,0x000000008db620d0,0x00000000a4400000)
 Metaspace       used 87145K, committed 88896K, reserved 1179648K
  class space    used 8981K, committed 9792K, reserved 1048576K
}
Event: 409.961 GC heap before
{Heap before GC invocations=1362 (full 5):
 PSYoungGen      total 3072K, used 3040K [0x00000000d5580000, 0x00000000d5a80000, 0x0000000100000000)
  eden space 2048K, 100% used [0x00000000d5580000,0x00000000d5780000,0x00000000d5780000)
  from space 1024K, 96% used [0x00000000d5980000,0x00000000d5a78020,0x00000000d5a80000)
  to   space 1536K, 0% used [0x00000000d5780000,0x00000000d5780000,0x00000000d5900000)
 ParOldGen       total 593920K, used 224648K [0x0000000080000000, 0x00000000a4400000, 0x00000000d5580000)
  object space 593920K, 37% used [0x0000000080000000,0x000000008db620d0,0x00000000a4400000)
 Metaspace       used 87145K, committed 88896K, reserved 1179648K
  class space    used 8981K, committed 9792K, reserved 1048576K
}
Event: 409.965 GC heap after
{Heap after GC invocations=1362 (full 5):
 PSYoungGen      total 3584K, used 896K [0x00000000d5580000, 0x00000000d5a00000, 0x0000000100000000)
  eden space 2048K, 0% used [0x00000000d5580000,0x00000000d5580000,0x00000000d5780000)
  from space 1536K, 58% used [0x00000000d5780000,0x00000000d5860000,0x00000000d5900000)
  to   space 1024K, 0% used [0x00000000d5900000,0x00000000d5900000,0x00000000d5a00000)
 ParOldGen       total 593920K, used 225552K [0x0000000080000000, 0x00000000a4400000, 0x00000000d5580000)
  object space 593920K, 37% used [0x0000000080000000,0x000000008dc440f0,0x00000000a4400000)
 Metaspace       used 87145K, committed 88896K, reserved 1179648K
  class space    used 8981K, committed 9792K, reserved 1048576K
}
Event: 410.028 GC heap before
{Heap before GC invocations=1363 (full 5):
 PSYoungGen      total 3584K, used 2944K [0x00000000d5580000, 0x00000000d5a00000, 0x0000000100000000)
  eden space 2048K, 100% used [0x00000000d5580000,0x00000000d5780000,0x00000000d5780000)
  from space 1536K, 58% used [0x00000000d5780000,0x00000000d5860000,0x00000000d5900000)
  to   space 1024K, 0% used [0x00000000d5900000,0x00000000d5900000,0x00000000d5a00000)
 ParOldGen       total 593920K, used 225552K [0x0000000080000000, 0x00000000a4400000, 0x00000000d5580000)
  object space 593920K, 37% used [0x0000000080000000,0x000000008dc440f0,0x00000000a4400000)
 Metaspace       used 87146K, committed 88896K, reserved 1179648K
  class space    used 8981K, committed 9792K, reserved 1048576K
}
Event: 410.033 GC heap after
{Heap after GC invocations=1363 (full 5):
 PSYoungGen      total 3072K, used 640K [0x00000000d5580000, 0x00000000d5a00000, 0x0000000100000000)
  eden space 2048K, 0% used [0x00000000d5580000,0x00000000d5580000,0x00000000d5780000)
  from space 1024K, 62% used [0x00000000d5900000,0x00000000d59a0000,0x00000000d5a00000)
  to   space 1024K, 0% used [0x00000000d5800000,0x00000000d5800000,0x00000000d5900000)
 ParOldGen       total 593920K, used 226304K [0x0000000080000000, 0x00000000a4400000, 0x00000000d5580000)
  object space 593920K, 38% used [0x0000000080000000,0x000000008dd00100,0x00000000a4400000)
 Metaspace       used 87146K, committed 88896K, reserved 1179648K
  class space    used 8981K, committed 9792K, reserved 1048576K
}
Event: 410.084 GC heap before
{Heap before GC invocations=1364 (full 5):
 PSYoungGen      total 3072K, used 2688K [0x00000000d5580000, 0x00000000d5a00000, 0x0000000100000000)
  eden space 2048K, 100% used [0x00000000d5580000,0x00000000d5780000,0x00000000d5780000)
  from space 1024K, 62% used [0x00000000d5900000,0x00000000d59a0000,0x00000000d5a00000)
  to   space 1024K, 0% used [0x00000000d5800000,0x00000000d5800000,0x00000000d5900000)
 ParOldGen       total 593920K, used 226304K [0x0000000080000000, 0x00000000a4400000, 0x00000000d5580000)
  object space 593920K, 38% used [0x0000000080000000,0x000000008dd00100,0x00000000a4400000)
 Metaspace       used 87147K, committed 88896K, reserved 1179648K
  class space    used 8981K, committed 9792K, reserved 1048576K
}
Event: 410.088 GC heap after
{Heap after GC invocations=1364 (full 5):
 PSYoungGen      total 2560K, used 439K [0x00000000d5580000, 0x00000000d5980000, 0x0000000100000000)
  eden space 2048K, 0% used [0x00000000d5580000,0x00000000d5580000,0x00000000d5780000)
  from space 512K, 85% used [0x00000000d5800000,0x00000000d586ddd0,0x00000000d5880000)
  to   space 1024K, 0% used [0x00000000d5880000,0x00000000d5880000,0x00000000d5980000)
 ParOldGen       total 593920K, used 226856K [0x0000000080000000, 0x00000000a4400000, 0x00000000d5580000)
  object space 593920K, 38% used [0x0000000080000000,0x000000008dd8a110,0x00000000a4400000)
 Metaspace       used 87147K, committed 88896K, reserved 1179648K
  class space    used 8981K, committed 9792K, reserved 1048576K
}
Event: 412.201 GC heap before
{Heap before GC invocations=1365 (full 5):
 PSYoungGen      total 2560K, used 2487K [0x00000000d5580000, 0x00000000d5980000, 0x0000000100000000)
  eden space 2048K, 100% used [0x00000000d5580000,0x00000000d5780000,0x00000000d5780000)
  from space 512K, 85% used [0x00000000d5800000,0x00000000d586ddd0,0x00000000d5880000)
  to   space 1024K, 0% used [0x00000000d5880000,0x00000000d5880000,0x00000000d5980000)
 ParOldGen       total 593920K, used 226856K [0x0000000080000000, 0x00000000a4400000, 0x00000000d5580000)
  object space 593920K, 38% used [0x0000000080000000,0x000000008dd8a110,0x00000000a4400000)
 Metaspace       used 87162K, committed 88960K, reserved 1179648K
  class space    used 8985K, committed 9856K, reserved 1048576K
}
Event: 412.202 GC heap after
{Heap after GC invocations=1365 (full 5):
 PSYoungGen      total 2560K, used 433K [0x00000000d5580000, 0x00000000d5900000, 0x0000000100000000)
  eden space 2048K, 0% used [0x00000000d5580000,0x00000000d5580000,0x00000000d5780000)
  from space 512K, 84% used [0x00000000d5880000,0x00000000d58ec730,0x00000000d5900000)
  to   space 512K, 0% used [0x00000000d5800000,0x00000000d5800000,0x00000000d5880000)
 ParOldGen       total 593920K, used 227000K [0x0000000080000000, 0x00000000a4400000, 0x00000000d5580000)
  object space 593920K, 38% used [0x0000000080000000,0x000000008ddae110,0x00000000a4400000)
 Metaspace       used 87162K, committed 88960K, reserved 1179648K
  class space    used 8985K, committed 9856K, reserved 1048576K
}
Event: 708.127 GC heap before
{Heap before GC invocations=1366 (full 5):
 PSYoungGen      total 2560K, used 2475K [0x00000000d5580000, 0x00000000d5900000, 0x0000000100000000)
  eden space 2048K, 99% used [0x00000000d5580000,0x00000000d577e548,0x00000000d5780000)
  from space 512K, 84% used [0x00000000d5880000,0x00000000d58ec730,0x00000000d5900000)
  to   space 512K, 0% used [0x00000000d5800000,0x00000000d5800000,0x00000000d5880000)
 ParOldGen       total 593920K, used 227000K [0x0000000080000000, 0x00000000a4400000, 0x00000000d5580000)
  object space 593920K, 38% used [0x0000000080000000,0x000000008ddae110,0x00000000a4400000)
 Metaspace       used 87396K, committed 89216K, reserved 1179648K
  class space    used 9006K, committed 9856K, reserved 1048576K
}
Event: 708.130 GC heap after
{Heap after GC invocations=1366 (full 5):
 PSYoungGen      total 2560K, used 224K [0x00000000d5580000, 0x00000000d5900000, 0x0000000100000000)
  eden space 2048K, 0% used [0x00000000d5580000,0x00000000d5580000,0x00000000d5780000)
  from space 512K, 43% used [0x00000000d5800000,0x00000000d5838000,0x00000000d5880000)
  to   space 512K, 0% used [0x00000000d5880000,0x00000000d5880000,0x00000000d5900000)
 ParOldGen       total 593920K, used 227389K [0x0000000080000000, 0x00000000a4400000, 0x00000000d5580000)
  object space 593920K, 38% used [0x0000000080000000,0x000000008de0f7b0,0x00000000a4400000)
 Metaspace       used 87396K, committed 89216K, reserved 1179648K
  class space    used 9006K, committed 9856K, reserved 1048576K
}

